[backblue.gif]
[fade.gif]
[index.html]
[duartemanhita.myportfolio.com/site/translations274d]
[duartemanhita.myportfolio.com/dist/js/main274d.js]
[duartemanhita.myportfolio.com/index.html]
[use.typekit.net/ik/LlCNXvUNZk6oJbBzdhUetZHXhZXCA0w3CRBJMad_MzGfel6gfHYEBsJzwD9oFDIDWDgKwejU5QB8wAIajDsKjRgRjQ8c52Ih5QbhF2myZA9owD9hwRjkZR9-mkG0dW83da4XZcNC-Av0jhNlOfG0SY4zwKuh-AmaOcuoSeNkieZzde8zOcFzdPUlpWgzS1scdhUT]
[cdn.myportfolio.com/35f16170-ae37-4568-a70d-0b55f1099141/15096c17-6ed8-4edc-a74f-c7a9421d1c6b_rwc_154x0x667x667x6670ffe.jpg]
[cdn.myportfolio.com/35f16170-ae37-4568-a70d-0b55f1099141/15096c17-6ed8-4edc-a74f-c7a9421d1c6b_rwc_154x0x667x667x32a400.jpg]
[cdn.myportfolio.com/35f16170-ae37-4568-a70d-0b55f1099141/93e73cba-b88d-44bd-a1ff-b38c9c9defa9_rwc_321x0x667x667x32690a.jpg]
[cdn.myportfolio.com/35f16170-ae37-4568-a70d-0b55f1099141/9d4ee001-832e-4601-bc98-0fd0623d1ec2_rwc_63x0x667x667x321cac.jpg]
[cdn.myportfolio.com/35f16170-ae37-4568-a70d-0b55f1099141/7d6c3c06-9988-4c8a-b037-fbfa17bcd611_rwc_69x0x667x667x32ef52.jpg]
[cdn.myportfolio.com/35f16170-ae37-4568-a70d-0b55f1099141/24f2accf-b18a-42e4-85b3-c54e72d52b57_rwc_54x0x667x667x32acc1.jpg]
[cdn.myportfolio.com/35f16170-ae37-4568-a70d-0b55f1099141/9505a6a4-3698-4d6e-98ff-d46b2015952c_rwc_9x0x667x667x32ccb8.jpg]
[duartemanhita.myportfolio.com/portfolio.html]
[duartemanhita.myportfolio.com/iberian-supercars-2024-season-official-photographer.html]
[duartemanhita.myportfolio.com/about.html]
[duartemanhita.myportfolio.com/contact.html]
[duartemanhita.myportfolio.com/dist/css/main.css]
[cdn.myportfolio.com/35f16170-ae37-4568-a70d-0b55f1099141/45640798-7a51-416b-b329-a05dd205785b_rwc_0x0x1500x1000x40966200.jpg]
[cdn.myportfolio.com/35f16170-ae37-4568-a70d-0b55f1099141/7e4ab86953a78e0d76d27620fc8a095c17336820804f77.css]
[duartemanhita.myportfolio.com/home.html]
[cdn.myportfolio.com/35f16170-ae37-4568-a70d-0b55f1099141/a9cf2b7fb1dbe6ffa88361888e31ad9f17336820801054.css]
[cdn.myportfolio.com/35f16170-ae37-4568-a70d-0b55f1099141/93e73cba-b88d-44bd-a1ff-b38c9c9defa9_rwc_321x0x667x667x667fddf.jpg]
[duartemanhita.myportfolio.com/tcr-europe-valencia-2024.html]
[cdn.myportfolio.com/35f16170-ae37-4568-a70d-0b55f1099141/9d4ee001-832e-4601-bc98-0fd0623d1ec2_rwc_63x0x667x667x667e861.jpg]
[duartemanhita.myportfolio.com/tcr-spain-estoril-2024.html]
[cdn.myportfolio.com/35f16170-ae37-4568-a70d-0b55f1099141/7d6c3c06-9988-4c8a-b037-fbfa17bcd611_rwc_69x0x667x667x667d35c.jpg]
[duartemanhita.myportfolio.com/24h-portimao-24h-series-2024.html]
[cdn.myportfolio.com/35f16170-ae37-4568-a70d-0b55f1099141/24f2accf-b18a-42e4-85b3-c54e72d52b57_rwc_54x0x667x667x667af2b.jpg]
[duartemanhita.myportfolio.com/winter-series-estoril-portimao-2024.html]
[cdn.myportfolio.com/35f16170-ae37-4568-a70d-0b55f1099141/9505a6a4-3698-4d6e-98ff-d46b2015952c_rwc_9x0x667x667x667099b.jpg]
[duartemanhita.myportfolio.com/pscse-portimao-estoril-2024.html]
[cdn.myportfolio.com/35f16170-ae37-4568-a70d-0b55f1099141/dec8810aeafbbde3f024de6790dd3558173368208011d2.css]
[cdn.myportfolio.com/35f16170-ae37-4568-a70d-0b55f1099141/821824fc-e374-4a80-8dcc-1eed5d18049d_rwc_0x0x800x1000x4096e8a7.jpg]
[cdn.myportfolio.com/35f16170-ae37-4568-a70d-0b55f1099141/581de219e0e69460f843e9f1e496eb1f1733682080925d.css]
[cdn.myportfolio.com/35f16170-ae37-4568-a70d-0b55f1099141/e4a5baf5eff4b247d15b841c54851d4e17336820801de1.css]
[cdn.myportfolio.com/35f16170-ae37-4568-a70d-0b55f1099141/b18ab9050a37c9e4b87e8d8df6a24fa01733682080400d.css]
[cdn.myportfolio.com/35f16170-ae37-4568-a70d-0b55f1099141/76a00629dd68c42893ad14773e917721173368208007b9.css]
[cdn.myportfolio.com/35f16170-ae37-4568-a70d-0b55f1099141/874eecd6623ce1121c938a5b471e47571733682080d61c.css]
[cdn.myportfolio.com/35f16170-ae37-4568-a70d-0b55f1099141/50b888a837ad5dc1cfb99b2b50ed3b9b1733682080aeac.css]
[cdn.myportfolio.com/35f16170-ae37-4568-a70d-0b55f1099141/45f9a795c04369e72e2c6acfe3ed8bfe17336820807b1a.css]
